{"/Users/yangxiaoming/vue3-vite-template/src/views/Counter.vue": {"path":"/Users/yangxiaoming/vue3-vite-template/src/views/Counter.vue","statementMap":{"0":{"start":{"line":10,"column":0},"end":{"line":10,"column":null}},"1":{"start":{"line":12,"column":0},"end":{"line":12,"column":15}},"2":{"start":{"line":15,"column":18},"end":{"line":15,"column":30}},"3":{"start":{"line":16,"column":22},"end":{"line":18,"column":null}},"4":{"start":{"line":17,"column":6},"end":{"line":17,"column":11}},"5":{"start":{"line":19,"column":4},"end":{"line":19,"column":11}}},"fnMap":{"0":{"name":"(anonymous_0)","decl":{"start":{"line":14,"column":2},"end":{"line":14,"column":7}},"loc":{"start":{"line":14,"column":2},"end":{"line":20,"column":null}}},"1":{"name":"(anonymous_1)","decl":{"start":{"line":16,"column":22},"end":{"line":16,"column":null}},"loc":{"start":{"line":16,"column":22},"end":{"line":18,"column":null}}}},"branchMap":{},"s":{"0":1,"1":1,"2":1,"3":1,"4":1,"5":1},"f":{"0":1,"1":1},"b":{}}
}
